<?xml version="1.0" encoding="UTF-8"?>
<testng-results ignored="0" total="1" passed="1" failed="0" skipped="0">
  <reporter-output>
  </reporter-output>
  <suite started-at="2024-10-15T21:07:44 EDT" name="Default Suite" finished-at="2024-10-15T21:07:50 EDT" duration-ms="6097">
    <groups>
    </groups>
    <test started-at="2024-10-15T21:07:44 EDT" name="Crater-TestNG" finished-at="2024-10-15T21:07:50 EDT" duration-ms="6097">
      <class name="testcases.Sauselabs">
        <test-method signature="Login()[pri:0, instance:testcases.Sauselabs@53ca01a2]" started-at="2024-10-15T21:07:44 EDT" name="Login" finished-at="2024-10-15T21:07:50 EDT" duration-ms="6056" status="PASS">
          <reporter-output>
          </reporter-output>
        </test-method> <!-- Login -->
      </class> <!-- testcases.Sauselabs -->
    </test> <!-- Crater-TestNG -->
  </suite> <!-- Default Suite -->
</testng-results>
